Traceback (most recent call last):
  File "/home/kevin/projects/LinkedIn-Bot/easy_apply.py", line 52, in <module>
    main()
    ~~~~^^
  File "/home/kevin/projects/LinkedIn-Bot/easy_apply.py", line 42, in main
    driver = get_driver(cfg)
  File "/home/kevin/projects/LinkedIn-Bot/easy_apply.py", line 36, in get_driver
    driver = webdriver.Chrome(options=opts)
  File "/home/kevin/projects/LinkedIn-Bot/.venv/lib/python3.13/site-packages/selenium/webdriver/chrome/webdriver.py", line 45, in __init__
    super().__init__(
    ~~~~~~~~~~~~~~~~^
        browser_name=DesiredCapabilities.CHROME["browserName"],
        ^^^^^^^^^^^^^^^^^^^^^^^^^^^^^^^^^^^^^^^^^^^^^^^^^^^^^^^
    ...<3 lines>...
        keep_alive=keep_alive,
        ^^^^^^^^^^^^^^^^^^^^^^
    )
    ^
  File "/home/kevin/projects/LinkedIn-Bot/.venv/lib/python3.13/site-packages/selenium/webdriver/chromium/webdriver.py", line 66, in __init__
    super().__init__(command_executor=executor, options=self.options)
    ~~~~~~~~~~~~~~~~^^^^^^^^^^^^^^^^^^^^^^^^^^^^^^^^^^^^^^^^^^^^^^^^^
  File "/home/kevin/projects/LinkedIn-Bot/.venv/lib/python3.13/site-packages/selenium/webdriver/common/webdriver.py", line 25, in __init__
    super().__init__(*args, **kwargs)
    ~~~~~~~~~~~~~~~~^^^^^^^^^^^^^^^^^
  File "/home/kevin/projects/LinkedIn-Bot/.venv/lib/python3.13/site-packages/selenium/webdriver/remote/webdriver.py", line 271, in __init__
    self.start_session(capabilities)
    ~~~~~~~~~~~~~~~~~~^^^^^^^^^^^^^^
  File "/home/kevin/projects/LinkedIn-Bot/.venv/lib/python3.13/site-packages/selenium/webdriver/remote/webdriver.py", line 366, in start_session
    response = self.execute(Command.NEW_SESSION, caps)["value"]
               ~~~~~~~~~~~~^^^^^^^^^^^^^^^^^^^^^^^^^^^
  File "/home/kevin/projects/LinkedIn-Bot/.venv/lib/python3.13/site-packages/selenium/webdriver/remote/webdriver.py", line 446, in execute
    self.error_handler.check_response(response)
    ~~~~~~~~~~~~~~~~~~~~~~~~~~~~~~~~~^^^^^^^^^^
  File "/home/kevin/projects/LinkedIn-Bot/.venv/lib/python3.13/site-packages/selenium/webdriver/remote/errorhandler.py", line 232, in check_response
    raise exception_class(message, screen, stacktrace)
selenium.common.exceptions.SessionNotCreatedException: Message: session not created: Chrome instance exited. Examine ChromeDriver verbose log to determine the cause.; For documentation on this error, please visit: https://www.selenium.dev/documentation/webdriver/troubleshooting/errors#sessionnotcreatedexception
Stacktrace:
#0 0x5639642b2252 <unknown>
#1 0x563963c82226 <unknown>
#2 0x563963cbf100 <unknown>
#3 0x563963cb8fb3 <unknown>
#4 0x563963d0866c <unknown>
#5 0x563963d07dbd <unknown>
#6 0x563963cf8fa7 <unknown>
#7 0x563963cc6de2 <unknown>
#8 0x563963cc7c55 <unknown>
#9 0x563964275ee4 <unknown>
#10 0x563964279236 <unknown>
#11 0x563964278cee <unknown>
#12 0x5639642796a9 <unknown>
#13 0x5639642656ea <unknown>
#14 0x563964279a2a <unknown>
#15 0x56396424e359 <unknown>
#16 0x56396429ef79 <unknown>
#17 0x56396429f16d <unknown>
#18 0x5639642b0c8e <unknown>
#19 0x7f6db9462b7b <unknown>

